# JRE version: OpenJDK Runtime Environment Zulu15.44+13-CA (15.0.9+5) (build 15.0.9+5-MTS)
# Java VM: OpenJDK 64-Bit Server VM Zulu15.44+13-CA (15.0.9+5-MTS, mixed mode, sharing, tiered, compressed oops, g1 gc, windows-amd64)
GC Precious Log:
 CPUs: 8 total, 8 available
 Memory: 6091M
 Large Page Support: Disabled
 NUMA Support: Disabled
 Compressed Oops: Enabled (32-bit)
 Heap Region Size: 1M
 Heap Min Capacity: 8M
 Heap Initial Capacity: 96M
 Heap Max Capacity: 2G
 Pre-touch: Disabled
 Parallel Workers: 8
 Concurrent Workers: 2
 Concurrent Refinement Workers: 8
 Periodic GC: Disabled
Heap:
 garbage-first heap   total 98304K, used 18987K [0x0000000080000000, 0x0000000100000000)
  region size 1024K, 10 young (10240K), 7 survivors (7168K)
 Metaspace       used 14535K, capacity 14970K, committed 15104K, reserved 1062912K
  class space    used 2073K, capacity 2222K, committed 2304K, reserved 1048576K
GC Heap History (6 events):
Event: 1.007 GC heap before
{Heap before GC invocations=0 (full 0):
 garbage-first heap   total 98304K, used 28672K [0x0000000080000000, 0x0000000100000000)
  region size 1024K, 23 young (23552K), 0 survivors (0K)
 Metaspace       used 3334K, capacity 6118K, committed 6400K, reserved 1056768K
  class space    used 409K, capacity 674K, committed 768K, reserved 1048576K
}
Event: 1.014 GC heap after
{Heap after GC invocations=1 (full 0):
 garbage-first heap   total 98304K, used 9075K [0x0000000080000000, 0x0000000100000000)
  region size 1024K, 3 young (3072K), 3 survivors (3072K)
 Metaspace       used 3334K, capacity 6118K, committed 6400K, reserved 1056768K
  class space    used 409K, capacity 674K, committed 768K, reserved 1048576K
}
Event: 1.420 GC heap before
{Heap before GC invocations=1 (full 0):
 garbage-first heap   total 98304K, used 35699K [0x0000000080000000, 0x0000000100000000)
  region size 1024K, 28 young (28672K), 3 survivors (3072K)
 Metaspace       used 4261K, capacity 6633K, committed 6912K, reserved 1056768K
  class space    used 505K, capacity 739K, committed 768K, reserved 1048576K
}
Event: 1.427 GC heap after
{Heap after GC invocations=2 (full 0):
 garbage-first heap   total 98304K, used 11805K [0x0000000080000000, 0x0000000100000000)
  region size 1024K, 3 young (3072K), 3 survivors (3072K)
 Metaspace       used 4261K, capacity 6633K, committed 6912K, reserved 1056768K
  class space    used 505K, capacity 739K, committed 768K, reserved 1048576K
}
Event: 2.770 GC heap before
{Heap before GC invocations=2 (full 0):
 garbage-first heap   total 98304K, used 66077K [0x0000000080000000, 0x0000000100000000)
  region size 1024K, 56 young (57344K), 3 survivors (3072K)
 Metaspace       used 14209K, capacity 14711K, committed 14976K, reserved 1062912K
  class space    used 2005K, capacity 2157K, committed 2176K, reserved 1048576K
}
Event: 2.777 GC heap after
{Heap after GC invocations=3 (full 0):
 garbage-first heap   total 98304K, used 16939K [0x0000000080000000, 0x0000000100000000)
  region size 1024K, 7 young (7168K), 7 survivors (7168K)
 Metaspace       used 14209K, capacity 14711K, committed 14976K, reserved 1062912K
  class space    used 2005K, capacity 2157K, committed 2176K, reserved 1048576K
}

