# JRE version: OpenJDK Runtime Environment Zulu15.44+13-CA (15.0.9+5) (build 15.0.9+5-MTS)
# Java VM: OpenJDK 64-Bit Server VM Zulu15.44+13-CA (15.0.9+5-MTS, mixed mode, sharing, tiered, compressed oops, g1 gc, windows-amd64)
GC Precious Log:
 CPUs: 8 total, 8 available
 Memory: 6091M
 Large Page Support: Disabled
 NUMA Support: Disabled
 Compressed Oops: Enabled (32-bit)
 Heap Region Size: 1M
 Heap Min Capacity: 8M
 Heap Initial Capacity: 96M
 Heap Max Capacity: 2G
 Pre-touch: Disabled
 Parallel Workers: 8
 Concurrent Workers: 2
 Concurrent Refinement Workers: 8
 Periodic GC: Disabled
Heap:
 garbage-first heap   total 261120K, used 129299K [0x0000000080000000, 0x0000000100000000)
  region size 1024K, 5 young (5120K), 5 survivors (5120K)
 Metaspace       used 85698K, capacity 86807K, committed 87068K, reserved 1124352K
  class space    used 11344K, capacity 11681K, committed 11724K, reserved 1048576K
GC Heap History (20 events):
Event: 21.448 GC heap after
{Heap after GC invocations=33 (full 0):
 garbage-first heap   total 119808K, used 80772K [0x0000000080000000, 0x0000000100000000)
  region size 1024K, 5 young (5120K), 5 survivors (5120K)
 Metaspace       used 71917K, capacity 72910K, committed 73244K, reserved 1112064K
  class space    used 9494K, capacity 9800K, committed 9932K, reserved 1048576K
}
Event: 21.652 GC heap before
{Heap before GC invocations=33 (full 0):
 garbage-first heap   total 119808K, used 94084K [0x0000000080000000, 0x0000000100000000)
  region size 1024K, 19 young (19456K), 5 survivors (5120K)
 Metaspace       used 72128K, capacity 73134K, committed 73500K, reserved 1114112K
  class space    used 9513K, capacity 9832K, committed 9932K, reserved 1048576K
}
Event: 21.662 GC heap after
{Heap after GC invocations=34 (full 0):
 garbage-first heap   total 144384K, used 89262K [0x0000000080000000, 0x0000000100000000)
  region size 1024K, 3 young (3072K), 3 survivors (3072K)
 Metaspace       used 72128K, capacity 73134K, committed 73500K, reserved 1114112K
  class space    used 9513K, capacity 9832K, committed 9932K, reserved 1048576K
}
Event: 22.056 GC heap before
{Heap before GC invocations=35 (full 0):
 garbage-first heap   total 183296K, used 127150K [0x0000000080000000, 0x0000000100000000)
  region size 1024K, 24 young (24576K), 3 survivors (3072K)
 Metaspace       used 74710K, capacity 75832K, committed 76060K, reserved 1116160K
  class space    used 9780K, capacity 10127K, committed 10188K, reserved 1048576K
}
Event: 22.061 GC heap after
{Heap after GC invocations=36 (full 0):
 garbage-first heap   total 183296K, used 90356K [0x0000000080000000, 0x0000000100000000)
  region size 1024K, 2 young (2048K), 2 survivors (2048K)
 Metaspace       used 74710K, capacity 75832K, committed 76060K, reserved 1116160K
  class space    used 9780K, capacity 10127K, committed 10188K, reserved 1048576K
}
Event: 23.300 GC heap before
{Heap before GC invocations=36 (full 0):
 garbage-first heap   total 183296K, used 135412K [0x0000000080000000, 0x0000000100000000)
  region size 1024K, 47 young (48128K), 2 survivors (2048K)
 Metaspace       used 79070K, capacity 80142K, committed 80412K, reserved 1120256K
  class space    used 10328K, capacity 10681K, committed 10700K, reserved 1048576K
}
Event: 23.306 GC heap after
{Heap after GC invocations=37 (full 0):
 garbage-first heap   total 183296K, used 93335K [0x0000000080000000, 0x0000000100000000)
  region size 1024K, 4 young (4096K), 4 survivors (4096K)
 Metaspace       used 79070K, capacity 80142K, committed 80412K, reserved 1120256K
  class space    used 10328K, capacity 10681K, committed 10700K, reserved 1048576K
}
Event: 24.662 GC heap before
{Heap before GC invocations=38 (full 0):
 garbage-first heap   total 183296K, used 139415K [0x0000000080000000, 0x0000000100000000)
  region size 1024K, 50 young (51200K), 4 survivors (4096K)
 Metaspace       used 79392K, capacity 80465K, committed 80668K, reserved 1120256K
  class space    used 10344K, capacity 10682K, committed 10700K, reserved 1048576K
}
Event: 24.669 GC heap after
{Heap after GC invocations=39 (full 0):
 garbage-first heap   total 183296K, used 96163K [0x0000000080000000, 0x0000000100000000)
  region size 1024K, 6 young (6144K), 6 survivors (6144K)
 Metaspace       used 79392K, capacity 80465K, committed 80668K, reserved 1120256K
  class space    used 10344K, capacity 10682K, committed 10700K, reserved 1048576K
}
Event: 24.683 GC heap before
{Heap before GC invocations=39 (full 0):
 garbage-first heap   total 183296K, used 98211K [0x0000000080000000, 0x0000000100000000)
  region size 1024K, 8 young (8192K), 6 survivors (6144K)
 Metaspace       used 79402K, capacity 80465K, committed 80668K, reserved 1120256K
  class space    used 10344K, capacity 10682K, committed 10700K, reserved 1048576K
}
Event: 24.690 GC heap after
{Heap after GC invocations=40 (full 0):
 garbage-first heap   total 183296K, used 82773K [0x0000000080000000, 0x0000000100000000)
  region size 1024K, 1 young (1024K), 1 survivors (1024K)
 Metaspace       used 79402K, capacity 80465K, committed 80668K, reserved 1120256K
  class space    used 10344K, capacity 10682K, committed 10700K, reserved 1048576K
}
Event: 25.012 GC heap before
{Heap before GC invocations=40 (full 0):
 garbage-first heap   total 183296K, used 114517K [0x0000000080000000, 0x0000000100000000)
  region size 1024K, 34 young (34816K), 1 survivors (1024K)
 Metaspace       used 79823K, capacity 80924K, committed 81180K, reserved 1120256K
  class space    used 10378K, capacity 10695K, committed 10700K, reserved 1048576K
}
Event: 25.016 GC heap after
{Heap after GC invocations=41 (full 0):
 garbage-first heap   total 183296K, used 83403K [0x0000000080000000, 0x0000000100000000)
  region size 1024K, 2 young (2048K), 2 survivors (2048K)
 Metaspace       used 79823K, capacity 80924K, committed 81180K, reserved 1120256K
  class space    used 10378K, capacity 10695K, committed 10700K, reserved 1048576K
}
Event: 26.302 GC heap before
{Heap before GC invocations=42 (full 0):
 garbage-first heap   total 183296K, used 173515K [0x0000000080000000, 0x0000000100000000)
  region size 1024K, 61 young (62464K), 2 survivors (2048K)
 Metaspace       used 83503K, capacity 84660K, committed 84764K, reserved 1122304K
  class space    used 10852K, capacity 11200K, committed 11212K, reserved 1048576K
}
Event: 26.311 GC heap after
{Heap after GC invocations=43 (full 0):
 garbage-first heap   total 188416K, used 114577K [0x0000000080000000, 0x0000000100000000)
  region size 1024K, 8 young (8192K), 8 survivors (8192K)
 Metaspace       used 83503K, capacity 84660K, committed 84764K, reserved 1122304K
  class space    used 10852K, capacity 11200K, committed 11212K, reserved 1048576K
}
Event: 26.329 GC heap before
{Heap before GC invocations=43 (full 0):
 garbage-first heap   total 188416K, used 115601K [0x0000000080000000, 0x0000000100000000)
  region size 1024K, 9 young (9216K), 8 survivors (8192K)
 Metaspace       used 83525K, capacity 84724K, committed 84764K, reserved 1122304K
  class space    used 10853K, capacity 11200K, committed 11212K, reserved 1048576K
}
Event: 26.344 GC heap after
{Heap after GC invocations=44 (full 0):
 garbage-first heap   total 188416K, used 105812K [0x0000000080000000, 0x0000000100000000)
  region size 1024K, 1 young (1024K), 1 survivors (1024K)
 Metaspace       used 83525K, capacity 84724K, committed 84764K, reserved 1122304K
  class space    used 10853K, capacity 11200K, committed 11212K, reserved 1048576K
}
Event: 26.558 GC heap before
{Heap before GC invocations=44 (full 0):
 garbage-first heap   total 188416K, used 131412K [0x0000000080000000, 0x0000000100000000)
  region size 1024K, 28 young (28672K), 1 survivors (1024K)
 Metaspace       used 83555K, capacity 84724K, committed 84764K, reserved 1122304K
  class space    used 10855K, capacity 11200K, committed 11212K, reserved 1048576K
}
Event: 26.576 GC heap after
{Heap after GC invocations=45 (full 0):
 garbage-first heap   total 188416K, used 116973K [0x0000000080000000, 0x0000000100000000)
  region size 1024K, 6 young (6144K), 6 survivors (6144K)
 Metaspace       used 83555K, capacity 84724K, committed 84764K, reserved 1122304K
  class space    used 10855K, capacity 11200K, committed 11212K, reserved 1048576K
}
Event: 26.892 GC heap before
{Heap before GC invocations=46 (full 0):
 garbage-first heap   total 217088K, used 145645K [0x0000000080000000, 0x0000000100000000)
  region size 1024K, 33 young (33792K), 6 survivors (6144K)
 Metaspace       used 85698K, capacity 86807K, committed 87068K, reserved 1124352K
  class space    used 11344K, capacity 11681K, committed 11724K, reserved 1048576K
}

