# JRE version: OpenJDK Runtime Environment Zulu15.44+13-CA (15.0.9+5) (build 15.0.9+5-MTS)
# Java VM: OpenJDK 64-Bit Server VM Zulu15.44+13-CA (15.0.9+5-MTS, mixed mode, sharing, tiered, compressed oops, g1 gc, windows-amd64)
GC Precious Log:
 CPUs: 8 total, 8 available
 Memory: 6091M
 Large Page Support: Disabled
 NUMA Support: Disabled
 Compressed Oops: Enabled (32-bit)
 Heap Region Size: 1M
 Heap Min Capacity: 8M
 Heap Initial Capacity: 96M
 Heap Max Capacity: 2G
 Pre-touch: Disabled
 Parallel Workers: 8
 Concurrent Workers: 2
 Concurrent Refinement Workers: 8
 Periodic GC: Disabled
Heap:
 garbage-first heap   total 71680K, used 44542K [0x0000000080000000, 0x0000000100000000)
  region size 1024K, 18 young (18432K), 3 survivors (3072K)
 Metaspace       used 37112K, capacity 37798K, committed 38096K, reserved 1083392K
  class space    used 4958K, capacity 5157K, committed 5248K, reserved 1048576K
GC Heap History (16 events):
Event: 9.006 GC heap before
{Heap before GC invocations=0 (full 0):
 garbage-first heap   total 98304K, used 28672K [0x0000000080000000, 0x0000000100000000)
  region size 1024K, 23 young (23552K), 0 survivors (0K)
 Metaspace       used 3352K, capacity 6118K, committed 6400K, reserved 1056768K
  class space    used 409K, capacity 674K, committed 768K, reserved 1048576K
}
Event: 9.019 GC heap after
{Heap after GC invocations=1 (full 0):
 garbage-first heap   total 98304K, used 8976K [0x0000000080000000, 0x0000000100000000)
  region size 1024K, 3 young (3072K), 3 survivors (3072K)
 Metaspace       used 3352K, capacity 6118K, committed 6400K, reserved 1056768K
  class space    used 409K, capacity 674K, committed 768K, reserved 1048576K
}
Event: 13.667 GC heap before
{Heap before GC invocations=1 (full 0):
 garbage-first heap   total 98304K, used 35600K [0x0000000080000000, 0x0000000100000000)
  region size 1024K, 28 young (28672K), 3 survivors (3072K)
 Metaspace       used 4266K, capacity 6633K, committed 6912K, reserved 1056768K
  class space    used 503K, capacity 739K, committed 768K, reserved 1048576K
}
Event: 13.674 GC heap after
{Heap after GC invocations=2 (full 0):
 garbage-first heap   total 98304K, used 12051K [0x0000000080000000, 0x0000000100000000)
  region size 1024K, 3 young (3072K), 3 survivors (3072K)
 Metaspace       used 4266K, capacity 6633K, committed 6912K, reserved 1056768K
  class space    used 503K, capacity 739K, committed 768K, reserved 1048576K
}
Event: 16.384 GC heap before
{Heap before GC invocations=2 (full 0):
 garbage-first heap   total 98304K, used 65299K [0x0000000080000000, 0x0000000100000000)
  region size 1024K, 55 young (56320K), 3 survivors (3072K)
 Metaspace       used 14041K, capacity 14391K, committed 14720K, reserved 1062912K
  class space    used 1960K, capacity 2093K, committed 2176K, reserved 1048576K
}
Event: 16.390 GC heap after
{Heap after GC invocations=3 (full 0):
 garbage-first heap   total 98304K, used 17073K [0x0000000080000000, 0x0000000100000000)
  region size 1024K, 7 young (7168K), 7 survivors (7168K)
 Metaspace       used 14041K, capacity 14391K, committed 14720K, reserved 1062912K
  class space    used 1960K, capacity 2093K, committed 2176K, reserved 1048576K
}
Event: 17.646 GC heap before
{Heap before GC invocations=3 (full 0):
 garbage-first heap   total 98304K, used 62129K [0x0000000080000000, 0x0000000100000000)
  region size 1024K, 52 young (53248K), 7 survivors (7168K)
 Metaspace       used 20653K, capacity 21134K, committed 21296K, reserved 1067008K
  class space    used 2993K, capacity 3143K, committed 3200K, reserved 1048576K
}
Event: 17.654 GC heap after
{Heap after GC invocations=4 (full 0):
 garbage-first heap   total 98304K, used 19871K [0x0000000080000000, 0x0000000100000000)
  region size 1024K, 3 young (3072K), 3 survivors (3072K)
 Metaspace       used 20653K, capacity 21134K, committed 21296K, reserved 1067008K
  class space    used 2993K, capacity 3143K, committed 3200K, reserved 1048576K
}
Event: 18.680 GC heap before
{Heap before GC invocations=5 (full 0):
 garbage-first heap   total 71680K, used 59807K [0x0000000080000000, 0x0000000100000000)
  region size 1024K, 42 young (43008K), 3 survivors (3072K)
 Metaspace       used 27566K, capacity 28121K, committed 28208K, reserved 1073152K
  class space    used 3770K, capacity 3959K, committed 3968K, reserved 1048576K
}
Event: 18.688 GC heap after
{Heap after GC invocations=6 (full 0):
 garbage-first heap   total 71680K, used 24710K [0x0000000080000000, 0x0000000100000000)
  region size 1024K, 6 young (6144K), 6 survivors (6144K)
 Metaspace       used 27566K, capacity 28121K, committed 28208K, reserved 1073152K
  class space    used 3770K, capacity 3959K, committed 3968K, reserved 1048576K
}
Event: 19.235 GC heap before
{Heap before GC invocations=6 (full 0):
 garbage-first heap   total 71680K, used 54406K [0x0000000080000000, 0x0000000100000000)
  region size 1024K, 33 young (33792K), 6 survivors (6144K)
 Metaspace       used 30287K, capacity 30804K, committed 31152K, reserved 1077248K
  class space    used 4058K, capacity 4232K, committed 4352K, reserved 1048576K
}
Event: 19.242 GC heap after
{Heap after GC invocations=7 (full 0):
 garbage-first heap   total 71680K, used 27903K [0x0000000080000000, 0x0000000100000000)
  region size 1024K, 4 young (4096K), 4 survivors (4096K)
 Metaspace       used 30287K, capacity 30804K, committed 31152K, reserved 1077248K
  class space    used 4058K, capacity 4232K, committed 4352K, reserved 1048576K
}
Event: 19.803 GC heap before
{Heap before GC invocations=7 (full 0):
 garbage-first heap   total 71680K, used 51455K [0x0000000080000000, 0x0000000100000000)
  region size 1024K, 28 young (28672K), 4 survivors (4096K)
 Metaspace       used 33214K, capacity 33818K, committed 34096K, reserved 1079296K
  class space    used 4485K, capacity 4654K, committed 4736K, reserved 1048576K
}
Event: 19.807 GC heap after
{Heap after GC invocations=8 (full 0):
 garbage-first heap   total 71680K, used 29674K [0x0000000080000000, 0x0000000100000000)
  region size 1024K, 2 young (2048K), 2 survivors (2048K)
 Metaspace       used 33214K, capacity 33818K, committed 34096K, reserved 1079296K
  class space    used 4485K, capacity 4654K, committed 4736K, reserved 1048576K
}
Event: 20.161 GC heap before
{Heap before GC invocations=8 (full 0):
 garbage-first heap   total 71680K, used 44010K [0x0000000080000000, 0x0000000100000000)
  region size 1024K, 16 young (16384K), 2 survivors (2048K)
 Metaspace       used 35238K, capacity 35859K, committed 35920K, reserved 1081344K
  class space    used 4690K, capacity 4863K, committed 4864K, reserved 1048576K
}
Event: 20.165 GC heap after
{Heap after GC invocations=9 (full 0):
 garbage-first heap   total 71680K, used 30206K [0x0000000080000000, 0x0000000100000000)
  region size 1024K, 3 young (3072K), 3 survivors (3072K)
 Metaspace       used 35238K, capacity 35859K, committed 35920K, reserved 1081344K
  class space    used 4690K, capacity 4863K, committed 4864K, reserved 1048576K
}

