# JRE version: OpenJDK Runtime Environment Zulu15.44+13-CA (15.0.9+5) (build 15.0.9+5-MTS)
# Java VM: OpenJDK 64-Bit Server VM Zulu15.44+13-CA (15.0.9+5-MTS, mixed mode, sharing, tiered, compressed oops, g1 gc, windows-amd64)
GC Precious Log:
 CPUs: 8 total, 8 available
 Memory: 6091M
 Large Page Support: Disabled
 NUMA Support: Disabled
 Compressed Oops: Enabled (32-bit)
 Heap Region Size: 1M
 Heap Min Capacity: 8M
 Heap Initial Capacity: 96M
 Heap Max Capacity: 2G
 Pre-touch: Disabled
 Parallel Workers: 8
 Concurrent Workers: 2
 Concurrent Refinement Workers: 8
 Periodic GC: Disabled
Heap:
 garbage-first heap   total 80896K, used 52416K [0x0000000080000000, 0x0000000100000000)
  region size 1024K, 11 young (11264K), 2 survivors (2048K)
 Metaspace       used 49204K, capacity 50006K, committed 50128K, reserved 1093632K
  class space    used 6421K, capacity 6704K, committed 6784K, reserved 1048576K
GC Heap History (20 events):
Event: 7.632 GC heap before
{Heap before GC invocations=5 (full 0):
 garbage-first heap   total 71680K, used 59520K [0x0000000080000000, 0x0000000100000000)
  region size 1024K, 42 young (43008K), 3 survivors (3072K)
 Metaspace       used 27571K, capacity 28122K, committed 28208K, reserved 1073152K
  class space    used 3769K, capacity 3959K, committed 3968K, reserved 1048576K
}
Event: 7.639 GC heap after
{Heap after GC invocations=6 (full 0):
 garbage-first heap   total 71680K, used 24577K [0x0000000080000000, 0x0000000100000000)
  region size 1024K, 6 young (6144K), 6 survivors (6144K)
 Metaspace       used 27571K, capacity 28122K, committed 28208K, reserved 1073152K
  class space    used 3769K, capacity 3959K, committed 3968K, reserved 1048576K
}
Event: 8.081 GC heap before
{Heap before GC invocations=6 (full 0):
 garbage-first heap   total 71680K, used 54273K [0x0000000080000000, 0x0000000100000000)
  region size 1024K, 33 young (33792K), 6 survivors (6144K)
 Metaspace       used 30298K, capacity 30805K, committed 31152K, reserved 1077248K
  class space    used 4055K, capacity 4232K, committed 4352K, reserved 1048576K
}
Event: 8.088 GC heap after
{Heap after GC invocations=7 (full 0):
 garbage-first heap   total 71680K, used 27921K [0x0000000080000000, 0x0000000100000000)
  region size 1024K, 4 young (4096K), 4 survivors (4096K)
 Metaspace       used 30298K, capacity 30805K, committed 31152K, reserved 1077248K
  class space    used 4055K, capacity 4232K, committed 4352K, reserved 1048576K
}
Event: 8.610 GC heap before
{Heap before GC invocations=7 (full 0):
 garbage-first heap   total 71680K, used 51473K [0x0000000080000000, 0x0000000100000000)
  region size 1024K, 28 young (28672K), 4 survivors (4096K)
 Metaspace       used 33209K, capacity 33754K, committed 33840K, reserved 1079296K
  class space    used 4483K, capacity 4654K, committed 4736K, reserved 1048576K
}
Event: 8.614 GC heap after
{Heap after GC invocations=8 (full 0):
 garbage-first heap   total 71680K, used 29578K [0x0000000080000000, 0x0000000100000000)
  region size 1024K, 2 young (2048K), 2 survivors (2048K)
 Metaspace       used 33209K, capacity 33754K, committed 33840K, reserved 1079296K
  class space    used 4483K, capacity 4654K, committed 4736K, reserved 1048576K
}
Event: 8.854 GC heap before
{Heap before GC invocations=8 (full 0):
 garbage-first heap   total 71680K, used 43914K [0x0000000080000000, 0x0000000100000000)
  region size 1024K, 16 young (16384K), 2 survivors (2048K)
 Metaspace       used 35241K, capacity 35859K, committed 35920K, reserved 1081344K
  class space    used 4688K, capacity 4863K, committed 4864K, reserved 1048576K
}
Event: 8.857 GC heap after
{Heap after GC invocations=9 (full 0):
 garbage-first heap   total 71680K, used 30283K [0x0000000080000000, 0x0000000100000000)
  region size 1024K, 3 young (3072K), 3 survivors (3072K)
 Metaspace       used 35241K, capacity 35859K, committed 35920K, reserved 1081344K
  class space    used 4688K, capacity 4863K, committed 4864K, reserved 1048576K
}
Event: 9.654 GC heap before
{Heap before GC invocations=10 (full 0):
 garbage-first heap   total 71680K, used 55883K [0x0000000080000000, 0x0000000100000000)
  region size 1024K, 28 young (28672K), 3 survivors (3072K)
 Metaspace       used 37959K, capacity 38609K, committed 38992K, reserved 1083392K
  class space    used 5045K, capacity 5256K, committed 5376K, reserved 1048576K
}
Event: 9.659 GC heap after
{Heap after GC invocations=11 (full 0):
 garbage-first heap   total 71680K, used 32585K [0x0000000080000000, 0x0000000100000000)
  region size 1024K, 4 young (4096K), 4 survivors (4096K)
 Metaspace       used 37959K, capacity 38609K, committed 38992K, reserved 1083392K
  class space    used 5045K, capacity 5256K, committed 5376K, reserved 1048576K
}
Event: 10.437 GC heap before
{Heap before GC invocations=11 (full 0):
 garbage-first heap   total 71680K, used 54089K [0x0000000080000000, 0x0000000100000000)
  region size 1024K, 25 young (25600K), 4 survivors (4096K)
 Metaspace       used 38645K, capacity 39329K, committed 39504K, reserved 1083392K
  class space    used 5119K, capacity 5324K, committed 5376K, reserved 1048576K
}
Event: 10.442 GC heap after
{Heap after GC invocations=12 (full 0):
 garbage-first heap   total 71680K, used 38927K [0x0000000080000000, 0x0000000100000000)
  region size 1024K, 4 young (4096K), 4 survivors (4096K)
 Metaspace       used 38645K, capacity 39329K, committed 39504K, reserved 1083392K
  class space    used 5119K, capacity 5324K, committed 5376K, reserved 1048576K
}
Event: 10.835 GC heap before
{Heap before GC invocations=13 (full 0):
 garbage-first heap   total 71680K, used 56335K [0x0000000080000000, 0x0000000100000000)
  region size 1024K, 20 young (20480K), 4 survivors (4096K)
 Metaspace       used 40451K, capacity 41112K, committed 41296K, reserved 1085440K
  class space    used 5341K, capacity 5544K, committed 5632K, reserved 1048576K
}
Event: 10.838 GC heap after
{Heap after GC invocations=14 (full 0):
 garbage-first heap   total 71680K, used 43558K [0x0000000080000000, 0x0000000100000000)
  region size 1024K, 3 young (3072K), 3 survivors (3072K)
 Metaspace       used 40451K, capacity 41112K, committed 41296K, reserved 1085440K
  class space    used 5341K, capacity 5544K, committed 5632K, reserved 1048576K
}
Event: 11.123 GC heap before
{Heap before GC invocations=14 (full 0):
 garbage-first heap   total 71680K, used 55846K [0x0000000080000000, 0x0000000100000000)
  region size 1024K, 15 young (15360K), 3 survivors (3072K)
 Metaspace       used 42333K, capacity 43050K, committed 43344K, reserved 1087488K
  class space    used 5575K, capacity 5805K, committed 5888K, reserved 1048576K
}
Event: 11.126 GC heap after
{Heap after GC invocations=15 (full 0):
 garbage-first heap   total 71680K, used 44008K [0x0000000080000000, 0x0000000100000000)
  region size 1024K, 1 young (1024K), 1 survivors (1024K)
 Metaspace       used 42333K, capacity 43050K, committed 43344K, reserved 1087488K
  class space    used 5575K, capacity 5805K, committed 5888K, reserved 1048576K
}
Event: 11.530 GC heap before
{Heap before GC invocations=16 (full 0):
 garbage-first heap   total 76800K, used 57320K [0x0000000080000000, 0x0000000100000000)
  region size 1024K, 14 young (14336K), 1 survivors (1024K)
 Metaspace       used 44802K, capacity 45567K, committed 45648K, reserved 1089536K
  class space    used 5882K, capacity 6106K, committed 6144K, reserved 1048576K
}
Event: 11.532 GC heap after
{Heap after GC invocations=17 (full 0):
 garbage-first heap   total 76800K, used 44746K [0x0000000080000000, 0x0000000100000000)
  region size 1024K, 2 young (2048K), 2 survivors (2048K)
 Metaspace       used 44802K, capacity 45567K, committed 45648K, reserved 1089536K
  class space    used 5882K, capacity 6106K, committed 6144K, reserved 1048576K
}
Event: 11.900 GC heap before
{Heap before GC invocations=17 (full 0):
 garbage-first heap   total 76800K, used 61130K [0x0000000080000000, 0x0000000100000000)
  region size 1024K, 18 young (18432K), 2 survivors (2048K)
 Metaspace       used 47487K, capacity 48242K, committed 48336K, reserved 1091584K
  class space    used 6195K, capacity 6438K, committed 6528K, reserved 1048576K
}
Event: 11.903 GC heap after
{Heap after GC invocations=18 (full 0):
 garbage-first heap   total 76800K, used 45248K [0x0000000080000000, 0x0000000100000000)
  region size 1024K, 2 young (2048K), 2 survivors (2048K)
 Metaspace       used 47487K, capacity 48242K, committed 48336K, reserved 1091584K
  class space    used 6195K, capacity 6438K, committed 6528K, reserved 1048576K
}

