# JRE version: OpenJDK Runtime Environment Zulu15.44+13-CA (15.0.9+5) (build 15.0.9+5-MTS)
# Java VM: OpenJDK 64-Bit Server VM Zulu15.44+13-CA (15.0.9+5-MTS, mixed mode, sharing, tiered, compressed oops, g1 gc, windows-amd64)
GC Precious Log:
 CPUs: 8 total, 8 available
 Memory: 6091M
 Large Page Support: Disabled
 NUMA Support: Disabled
 Compressed Oops: Enabled (32-bit)
 Heap Region Size: 1M
 Heap Min Capacity: 8M
 Heap Initial Capacity: 96M
 Heap Max Capacity: 2G
 Pre-touch: Disabled
 Parallel Workers: 8
 Concurrent Workers: 2
 Concurrent Refinement Workers: 8
 Periodic GC: Disabled
Heap:
 garbage-first heap   total 94208K, used 70445K [0x0000000080000000, 0x0000000100000000)
  region size 1024K, 19 young (19456K), 2 survivors (2048K)
 Metaspace       used 59118K, capacity 60084K, committed 60188K, reserved 1101824K
  class space    used 7789K, capacity 8068K, committed 8140K, reserved 1048576K
GC Heap History (20 events):
Event: 5.514 GC heap before
{Heap before GC invocations=8 (full 0):
 garbage-first heap   total 86016K, used 64328K [0x0000000080000000, 0x0000000100000000)
  region size 1024K, 39 young (39936K), 4 survivors (4096K)
 Metaspace       used 35216K, capacity 35859K, committed 35920K, reserved 1081344K
  class space    used 4694K, capacity 4863K, committed 4864K, reserved 1048576K
}
Event: 5.519 GC heap after
{Heap after GC invocations=9 (full 0):
 garbage-first heap   total 86016K, used 30455K [0x0000000080000000, 0x0000000100000000)
  region size 1024K, 3 young (3072K), 3 survivors (3072K)
 Metaspace       used 35216K, capacity 35859K, committed 35920K, reserved 1081344K
  class space    used 4694K, capacity 4863K, committed 4864K, reserved 1048576K
}
Event: 5.525 GC heap before
{Heap before GC invocations=9 (full 0):
 garbage-first heap   total 86016K, used 30455K [0x0000000080000000, 0x0000000100000000)
  region size 1024K, 4 young (4096K), 3 survivors (3072K)
 Metaspace       used 35271K, capacity 35859K, committed 35920K, reserved 1081344K
  class space    used 4702K, capacity 4863K, committed 4864K, reserved 1048576K
}
Event: 5.528 GC heap after
{Heap after GC invocations=10 (full 0):
 garbage-first heap   total 86016K, used 30414K [0x0000000080000000, 0x0000000100000000)
  region size 1024K, 3 young (3072K), 3 survivors (3072K)
 Metaspace       used 35271K, capacity 35859K, committed 35920K, reserved 1081344K
  class space    used 4702K, capacity 4863K, committed 4864K, reserved 1048576K
}
Event: 6.323 GC heap before
{Heap before GC invocations=11 (full 0):
 garbage-first heap   total 86016K, used 66254K [0x0000000080000000, 0x0000000100000000)
  region size 1024K, 38 young (38912K), 3 survivors (3072K)
 Metaspace       used 38439K, capacity 39089K, committed 39196K, reserved 1083392K
  class space    used 5108K, capacity 5288K, committed 5324K, reserved 1048576K
}
Event: 6.327 GC heap after
{Heap after GC invocations=12 (full 0):
 garbage-first heap   total 86016K, used 32655K [0x0000000080000000, 0x0000000100000000)
  region size 1024K, 5 young (5120K), 5 survivors (5120K)
 Metaspace       used 38439K, capacity 39089K, committed 39196K, reserved 1083392K
  class space    used 5108K, capacity 5288K, committed 5324K, reserved 1048576K
}
Event: 7.137 GC heap before
{Heap before GC invocations=13 (full 0):
 garbage-first heap   total 86016K, used 70543K [0x0000000080000000, 0x0000000100000000)
  region size 1024K, 39 young (39936K), 5 survivors (5120K)
 Metaspace       used 41518K, capacity 42308K, committed 42524K, reserved 1085440K
  class space    used 5479K, capacity 5708K, committed 5836K, reserved 1048576K
}
Event: 7.143 GC heap after
{Heap after GC invocations=14 (full 0):
 garbage-first heap   total 86016K, used 43130K [0x0000000080000000, 0x0000000100000000)
  region size 1024K, 5 young (5120K), 5 survivors (5120K)
 Metaspace       used 41518K, capacity 42308K, committed 42524K, reserved 1085440K
  class space    used 5479K, capacity 5708K, committed 5836K, reserved 1048576K
}
Event: 7.891 GC heap before
{Heap before GC invocations=14 (full 0):
 garbage-first heap   total 86016K, used 67706K [0x0000000080000000, 0x0000000100000000)
  region size 1024K, 29 young (29696K), 5 survivors (5120K)
 Metaspace       used 46268K, capacity 47007K, committed 47132K, reserved 1089536K
  class space    used 6027K, capacity 6266K, committed 6348K, reserved 1048576K
}
Event: 7.895 GC heap after
{Heap after GC invocations=15 (full 0):
 garbage-first heap   total 86016K, used 44789K [0x0000000080000000, 0x0000000100000000)
  region size 1024K, 2 young (2048K), 2 survivors (2048K)
 Metaspace       used 46268K, capacity 47007K, committed 47132K, reserved 1089536K
  class space    used 6027K, capacity 6266K, committed 6348K, reserved 1048576K
}
Event: 8.501 GC heap before
{Heap before GC invocations=16 (full 0):
 garbage-first heap   total 86016K, used 68341K [0x0000000080000000, 0x0000000100000000)
  region size 1024K, 26 young (26624K), 2 survivors (2048K)
 Metaspace       used 50505K, capacity 51350K, committed 51484K, reserved 1093632K
  class space    used 6559K, capacity 6832K, committed 6860K, reserved 1048576K
}
Event: 8.506 GC heap after
{Heap after GC invocations=17 (full 0):
 garbage-first heap   total 86016K, used 48527K [0x0000000080000000, 0x0000000100000000)
  region size 1024K, 4 young (4096K), 4 survivors (4096K)
 Metaspace       used 50505K, capacity 51350K, committed 51484K, reserved 1093632K
  class space    used 6559K, capacity 6832K, committed 6860K, reserved 1048576K
}
Event: 8.808 GC heap before
{Heap before GC invocations=17 (full 0):
 garbage-first heap   total 86016K, used 69007K [0x0000000080000000, 0x0000000100000000)
  region size 1024K, 24 young (24576K), 4 survivors (4096K)
 Metaspace       used 52468K, capacity 53338K, committed 53532K, reserved 1095680K
  class space    used 6790K, capacity 7062K, committed 7116K, reserved 1048576K
}
Event: 8.813 GC heap after
{Heap after GC invocations=18 (full 0):
 garbage-first heap   total 86016K, used 49414K [0x0000000080000000, 0x0000000100000000)
  region size 1024K, 2 young (2048K), 2 survivors (2048K)
 Metaspace       used 52468K, capacity 53338K, committed 53532K, reserved 1095680K
  class space    used 6790K, capacity 7062K, committed 7116K, reserved 1048576K
}
Event: 8.969 GC heap before
{Heap before GC invocations=19 (full 0):
 garbage-first heap   total 89088K, used 58630K [0x0000000080000000, 0x0000000100000000)
  region size 1024K, 12 young (12288K), 2 survivors (2048K)
 Metaspace       used 53458K, capacity 54330K, committed 54428K, reserved 1097728K
  class space    used 6894K, capacity 7158K, committed 7244K, reserved 1048576K
}
Event: 8.971 GC heap after
{Heap after GC invocations=20 (full 0):
 garbage-first heap   total 89088K, used 50357K [0x0000000080000000, 0x0000000100000000)
  region size 1024K, 2 young (2048K), 2 survivors (2048K)
 Metaspace       used 53458K, capacity 54330K, committed 54428K, reserved 1097728K
  class space    used 6894K, capacity 7158K, committed 7244K, reserved 1048576K
}
Event: 9.379 GC heap before
{Heap before GC invocations=21 (full 0):
 garbage-first heap   total 92160K, used 72885K [0x0000000080000000, 0x0000000100000000)
  region size 1024K, 23 young (23552K), 2 survivors (2048K)
 Metaspace       used 54319K, capacity 55228K, committed 55324K, reserved 1097728K
  class space    used 7025K, capacity 7328K, committed 7372K, reserved 1048576K
}
Event: 9.383 GC heap after
{Heap after GC invocations=22 (full 0):
 garbage-first heap   total 92160K, used 52164K [0x0000000080000000, 0x0000000100000000)
  region size 1024K, 3 young (3072K), 3 survivors (3072K)
 Metaspace       used 54319K, capacity 55228K, committed 55324K, reserved 1097728K
  class space    used 7025K, capacity 7328K, committed 7372K, reserved 1048576K
}
Event: 9.727 GC heap before
{Heap before GC invocations=22 (full 0):
 garbage-first heap   total 92160K, used 74692K [0x0000000080000000, 0x0000000100000000)
  region size 1024K, 25 young (25600K), 3 survivors (3072K)
 Metaspace       used 56827K, capacity 57788K, committed 58012K, reserved 1099776K
  class space    used 7418K, capacity 7712K, committed 7756K, reserved 1048576K
}
Event: 9.732 GC heap after
{Heap after GC invocations=23 (full 0):
 garbage-first heap   total 92160K, used 54061K [0x0000000080000000, 0x0000000100000000)
  region size 1024K, 2 young (2048K), 2 survivors (2048K)
 Metaspace       used 56827K, capacity 57788K, committed 58012K, reserved 1099776K
  class space    used 7418K, capacity 7712K, committed 7756K, reserved 1048576K
}

